<?xml version="1.0" encoding="UTF-8"?>
<!-- Generated by org.testng.reporters.JUnitXMLReporter -->
<testsuite ignored="0" hostname="DESKTOP-39GT5A6" failures="0" tests="4" name="Test" time="0.09" errors="0" timestamp="2022-11-24T13:08:16 IST">
  <testcase classname="Dummy1.Test2Test" name="Abcd" time="0.01"/>
  <testcase classname="Dummy1.Test4Test" name="Abc" time="0.002"/>
  <testcase classname="Dummy1.Test3Test" name="Abc" time="0.004"/>
  <testcase classname="Dummy1.Test1Test" name="Abc" time="0.009"/>
</testsuite> <!-- Test -->
